<?xml version="1.0" encoding="UTF-8"?>
<!-- Generated by org.testng.reporters.JUnitXMLReporter -->
<testsuite ignored="0" hostname="MSI" failures="0" tests="2" name="Default test" time="7.425" errors="0" timestamp="06 Nov 2021 18:02:53 GMT">
  <testcase classname="com.automation.tests.SauceLoginTest" name="verifyUserCanAbleToLogin" time="0.505"/>
  <testcase classname="com.automation.tests.SauceLoginTest" name="verifyUserCannotDoLoginWithInvalidCred" time="0.353"/>
</testsuite> <!-- Default test -->
