<?xml version="1.0" encoding="UTF-8"?>
<!-- Generated by org.testng.reporters.JUnitXMLReporter -->
<testsuite ignored="0" hostname="MSI" failures="0" tests="3" name="Command line test" time="10.116" errors="0" timestamp="06 Nov 2021 18:16:28 GMT">
  <testcase classname="com.automation.tests.SauceLoginTest" name="verifyUserCanAbleToLogin" time="0.779"/>
  <testcase classname="com.automation.tests.SauceLoginTest" name="verifyUserCannotDoLoginWithInvalidCred" time="0.323"/>
  <testcase classname="com.automation.tests.SauceNavigationTest" name="verifyUserCanNavigateToProductDetailPageFromHomePage" time="2.044"/>
</testsuite> <!-- Command line test -->
