<?xml version="1.0" encoding="UTF-8"?>
<testng-results ignored="0" total="3" passed="3" failed="0" skipped="0">
  <reporter-output>
  </reporter-output>
  <suite started-at="2021-11-06T18:16:18Z" name="Command line suite" finished-at="2021-11-06T18:16:28Z" duration-ms="10116">
    <groups>
      <group name="Navigation">
        <method signature="SauceNavigationTest.verifyUserCanNavigateToProductDetailPageFromHomePage()[pri:0, instance:com.automation.tests.SauceNavigationTest@635eaaf1]" name="verifyUserCanNavigateToProductDetailPageFromHomePage" class="com.automation.tests.SauceNavigationTest"/>
      </group> <!-- Navigation -->
      <group name="Regression">
        <method signature="SauceLoginTest.verifyUserCanAbleToLogin()[pri:0, instance:com.automation.tests.SauceLoginTest@31d7b7bf]" name="verifyUserCanAbleToLogin" class="com.automation.tests.SauceLoginTest"/>
        <method signature="SauceLoginTest.verifyUserCannotDoLoginWithInvalidCred()[pri:0, instance:com.automation.tests.SauceLoginTest@31d7b7bf]" name="verifyUserCannotDoLoginWithInvalidCred" class="com.automation.tests.SauceLoginTest"/>
      </group> <!-- Regression -->
      <group name="Login">
        <method signature="SauceLoginTest.verifyUserCanAbleToLogin()[pri:0, instance:com.automation.tests.SauceLoginTest@31d7b7bf]" name="verifyUserCanAbleToLogin" class="com.automation.tests.SauceLoginTest"/>
        <method signature="SauceLoginTest.verifyUserCannotDoLoginWithInvalidCred()[pri:0, instance:com.automation.tests.SauceLoginTest@31d7b7bf]" name="verifyUserCannotDoLoginWithInvalidCred" class="com.automation.tests.SauceLoginTest"/>
      </group> <!-- Login -->
      <group name="Smoke">
        <method signature="SauceNavigationTest.verifyUserCanNavigateToProductDetailPageFromHomePage()[pri:0, instance:com.automation.tests.SauceNavigationTest@635eaaf1]" name="verifyUserCanNavigateToProductDetailPageFromHomePage" class="com.automation.tests.SauceNavigationTest"/>
      </group> <!-- Smoke -->
      <group name="Chirag">
        <method signature="SauceNavigationTest.verifyUserCanNavigateToProductDetailPageFromHomePage()[pri:0, instance:com.automation.tests.SauceNavigationTest@635eaaf1]" name="verifyUserCanNavigateToProductDetailPageFromHomePage" class="com.automation.tests.SauceNavigationTest"/>
      </group> <!-- Chirag -->
      <group name="Umed">
        <method signature="SauceLoginTest.verifyUserCannotDoLoginWithInvalidCred()[pri:0, instance:com.automation.tests.SauceLoginTest@31d7b7bf]" name="verifyUserCannotDoLoginWithInvalidCred" class="com.automation.tests.SauceLoginTest"/>
      </group> <!-- Umed -->
    </groups>
    <test started-at="2021-11-06T18:16:18Z" name="Command line test" finished-at="2021-11-06T18:16:28Z" duration-ms="10116">
      <class name="com.automation.tests.SauceLoginTest">
        <test-method is-config="true" signature="setUp()[pri:0, instance:com.automation.tests.SauceLoginTest@31d7b7bf]" started-at="2021-11-06T18:16:18Z" name="setUp" finished-at="2021-11-06T18:16:21Z" duration-ms="2524" status="PASS">
          <reporter-output>
          </reporter-output>
        </test-method> <!-- setUp -->
        <test-method signature="verifyUserCanAbleToLogin()[pri:0, instance:com.automation.tests.SauceLoginTest@31d7b7bf]" started-at="2021-11-06T18:16:21Z" name="verifyUserCanAbleToLogin" finished-at="2021-11-06T18:16:21Z" duration-ms="779" status="PASS">
          <reporter-output>
          </reporter-output>
        </test-method> <!-- verifyUserCanAbleToLogin -->
        <test-method is-config="true" signature="cleanUp()[pri:0, instance:com.automation.tests.SauceLoginTest@31d7b7bf]" started-at="2021-11-06T18:16:21Z" name="cleanUp" finished-at="2021-11-06T18:16:22Z" duration-ms="211" status="PASS">
          <reporter-output>
          </reporter-output>
        </test-method> <!-- cleanUp -->
        <test-method is-config="true" signature="setUp()[pri:0, instance:com.automation.tests.SauceLoginTest@31d7b7bf]" started-at="2021-11-06T18:16:22Z" name="setUp" finished-at="2021-11-06T18:16:24Z" duration-ms="1939" status="PASS">
          <reporter-output>
          </reporter-output>
        </test-method> <!-- setUp -->
        <test-method signature="verifyUserCannotDoLoginWithInvalidCred()[pri:0, instance:com.automation.tests.SauceLoginTest@31d7b7bf]" started-at="2021-11-06T18:16:24Z" name="verifyUserCannotDoLoginWithInvalidCred" finished-at="2021-11-06T18:16:24Z" duration-ms="323" status="PASS">
          <reporter-output>
          </reporter-output>
        </test-method> <!-- verifyUserCannotDoLoginWithInvalidCred -->
        <test-method is-config="true" signature="cleanUp()[pri:0, instance:com.automation.tests.SauceLoginTest@31d7b7bf]" started-at="2021-11-06T18:16:24Z" name="cleanUp" finished-at="2021-11-06T18:16:24Z" duration-ms="261" status="PASS">
          <reporter-output>
          </reporter-output>
        </test-method> <!-- cleanUp -->
      </class> <!-- com.automation.tests.SauceLoginTest -->
      <class name="com.automation.tests.SauceNavigationTest">
        <test-method is-config="true" signature="setUp()[pri:0, instance:com.automation.tests.SauceNavigationTest@635eaaf1]" started-at="2021-11-06T18:16:24Z" name="setUp" finished-at="2021-11-06T18:16:26Z" duration-ms="1913" status="PASS">
          <reporter-output>
          </reporter-output>
        </test-method> <!-- setUp -->
        <test-method signature="verifyUserCanNavigateToProductDetailPageFromHomePage()[pri:0, instance:com.automation.tests.SauceNavigationTest@635eaaf1]" started-at="2021-11-06T18:16:26Z" name="verifyUserCanNavigateToProductDetailPageFromHomePage" finished-at="2021-11-06T18:16:28Z" duration-ms="2044" status="PASS">
          <reporter-output>
          </reporter-output>
        </test-method> <!-- verifyUserCanNavigateToProductDetailPageFromHomePage -->
        <test-method is-config="true" signature="cleanUp()[pri:0, instance:com.automation.tests.SauceNavigationTest@635eaaf1]" started-at="2021-11-06T18:16:28Z" name="cleanUp" finished-at="2021-11-06T18:16:28Z" duration-ms="101" status="PASS">
          <reporter-output>
          </reporter-output>
        </test-method> <!-- cleanUp -->
      </class> <!-- com.automation.tests.SauceNavigationTest -->
    </test> <!-- Command line test -->
  </suite> <!-- Command line suite -->
</testng-results>
