<?xml version="1.0" encoding="UTF-8"?>
<testng-results ignored="0" total="2" passed="2" failed="0" skipped="0">
  <reporter-output>
  </reporter-output>
  <suite started-at="2021-11-06T18:02:46Z" name="Default suite" finished-at="2021-11-06T18:02:53Z" duration-ms="7425">
    <groups>
      <group name="Regression">
        <method signature="SauceLoginTest.verifyUserCanAbleToLogin()[pri:0, instance:com.automation.tests.SauceLoginTest@7357a011]" name="verifyUserCanAbleToLogin" class="com.automation.tests.SauceLoginTest"/>
        <method signature="SauceLoginTest.verifyUserCannotDoLoginWithInvalidCred()[pri:0, instance:com.automation.tests.SauceLoginTest@7357a011]" name="verifyUserCannotDoLoginWithInvalidCred" class="com.automation.tests.SauceLoginTest"/>
      </group> <!-- Regression -->
      <group name="Login">
        <method signature="SauceLoginTest.verifyUserCanAbleToLogin()[pri:0, instance:com.automation.tests.SauceLoginTest@7357a011]" name="verifyUserCanAbleToLogin" class="com.automation.tests.SauceLoginTest"/>
        <method signature="SauceLoginTest.verifyUserCannotDoLoginWithInvalidCred()[pri:0, instance:com.automation.tests.SauceLoginTest@7357a011]" name="verifyUserCannotDoLoginWithInvalidCred" class="com.automation.tests.SauceLoginTest"/>
      </group> <!-- Login -->
      <group name="Umed">
        <method signature="SauceLoginTest.verifyUserCannotDoLoginWithInvalidCred()[pri:0, instance:com.automation.tests.SauceLoginTest@7357a011]" name="verifyUserCannotDoLoginWithInvalidCred" class="com.automation.tests.SauceLoginTest"/>
      </group> <!-- Umed -->
    </groups>
    <test started-at="2021-11-06T18:02:46Z" name="Default test" finished-at="2021-11-06T18:02:53Z" duration-ms="7425">
      <class name="com.automation.tests.SauceLoginTest">
        <test-method is-config="true" signature="setUp()[pri:0, instance:com.automation.tests.SauceLoginTest@7357a011]" started-at="2021-11-06T18:02:46Z" name="setUp" finished-at="2021-11-06T18:02:49Z" duration-ms="3536" status="PASS">
          <reporter-output>
          </reporter-output>
        </test-method> <!-- setUp -->
        <test-method signature="verifyUserCanAbleToLogin()[pri:0, instance:com.automation.tests.SauceLoginTest@7357a011]" started-at="2021-11-06T18:02:49Z" name="verifyUserCanAbleToLogin" finished-at="2021-11-06T18:02:50Z" duration-ms="505" status="PASS">
          <reporter-output>
          </reporter-output>
        </test-method> <!-- verifyUserCanAbleToLogin -->
        <test-method is-config="true" signature="cleanUp()[pri:0, instance:com.automation.tests.SauceLoginTest@7357a011]" started-at="2021-11-06T18:02:50Z" name="cleanUp" finished-at="2021-11-06T18:02:50Z" duration-ms="379" status="PASS">
          <reporter-output>
          </reporter-output>
        </test-method> <!-- cleanUp -->
        <test-method is-config="true" signature="setUp()[pri:0, instance:com.automation.tests.SauceLoginTest@7357a011]" started-at="2021-11-06T18:02:50Z" name="setUp" finished-at="2021-11-06T18:02:53Z" duration-ms="2279" status="PASS">
          <reporter-output>
          </reporter-output>
        </test-method> <!-- setUp -->
        <test-method signature="verifyUserCannotDoLoginWithInvalidCred()[pri:0, instance:com.automation.tests.SauceLoginTest@7357a011]" started-at="2021-11-06T18:02:53Z" name="verifyUserCannotDoLoginWithInvalidCred" finished-at="2021-11-06T18:02:53Z" duration-ms="353" status="PASS">
          <reporter-output>
          </reporter-output>
        </test-method> <!-- verifyUserCannotDoLoginWithInvalidCred -->
        <test-method is-config="true" signature="cleanUp()[pri:0, instance:com.automation.tests.SauceLoginTest@7357a011]" started-at="2021-11-06T18:02:53Z" name="cleanUp" finished-at="2021-11-06T18:02:53Z" duration-ms="290" status="PASS">
          <reporter-output>
          </reporter-output>
        </test-method> <!-- cleanUp -->
      </class> <!-- com.automation.tests.SauceLoginTest -->
    </test> <!-- Default test -->
  </suite> <!-- Default suite -->
</testng-results>
